Using pre-set license
Built from '2020.3/staging' branch; Version is '2020.3.5f1 (8095aa901b9b) revision 8426922'; Using compiler version '192528614'; Build Type 'Release'
OS: 'Windows 10 Home Single Language; OS build 19041.928; Version 2004; 64bit' Language: 'ru' Physical Memory: 7549 MB
BatchMode: 1, IsHumanControllingUs: 0, StartBugReporterOnCrash: 0, Is64bit: 1, IsPro: 0

 COMMAND LINE ARGUMENTS:
C:\Program Files\Unity\Hub\Editor\2020.3.5f1\Editor\Unity.exe
-adb2
-batchMode
-noUpm
-name
AssetImportWorker0
-projectPath
D:/repos/Hw5
-logFile
Logs/AssetImportWorker0.log
-srvPort
52943
Successfully changed project path to: D:/repos/Hw5
D:/repos/Hw5
Using Asset Import Pipeline V2.
Refreshing native plugins compatible for Editor in 20.98 ms, found 0 plugins.
Preloading 0 native plugins for Editor in 0.00 ms.
Initialize engine version: 2020.3.5f1 (8095aa901b9b)
[Subsystems] Discovering subsystems at path C:/Program Files/Unity/Hub/Editor/2020.3.5f1/Editor/Data/Resources/UnitySubsystems
[Subsystems] Discovering subsystems at path D:/repos/Hw5/Assets
GfxDevice: creating device client; threaded=0
Direct3D:
    Version:  Direct3D 11.0 [level 11.1]
    Renderer: AMD Radeon(TM) Graphics (ID=0x1636)
    Vendor:   
    VRAM:     3774 MB
    Driver:   27.20.11032.1001
Initialize mono
Mono path[0] = 'C:/Program Files/Unity/Hub/Editor/2020.3.5f1/Editor/Data/Managed'
Mono path[1] = 'C:/Program Files/Unity/Hub/Editor/2020.3.5f1/Editor/Data/MonoBleedingEdge/lib/mono/unityjit'
Mono config path = 'C:/Program Files/Unity/Hub/Editor/2020.3.5f1/Editor/Data/MonoBleedingEdge/etc'
Using monoOptions --debugger-agent=transport=dt_socket,embedding=1,server=y,suspend=n,address=127.0.0.1:56280
Begin MonoManager ReloadAssembly
Registering precompiled unity dll's ...
Register platform support module: C:/Program Files/Unity/Hub/Editor/2020.3.5f1/Editor/Data/PlaybackEngines/WebGLSupport/UnityEditor.WebGL.Extensions.dll
Register platform support module: C:/Program Files/Unity/Hub/Editor/2020.3.5f1/Editor/Data/PlaybackEngines/WindowsStandaloneSupport/UnityEditor.WindowsStandalone.Extensions.dll
Registered in 0.002390 seconds.
Native extension for WindowsStandalone target not found
Native extension for WebGL target not found
Refreshing native plugins compatible for Editor in 21.74 ms, found 0 plugins.
Preloading 0 native plugins for Editor in 0.00 ms.
Mono: successfully reloaded assembly
- Completed reload, in  1.988 seconds
Platform modules already initialized, skipping
Registering precompiled user dll's ...
Registered in 0.000584 seconds.
Begin MonoManager ReloadAssembly
Native extension for WindowsStandalone target not found
Native extension for WebGL target not found
Refreshing native plugins compatible for Editor in 0.23 ms, found 0 plugins.
Preloading 0 native plugins for Editor in 0.00 ms.
Mono: successfully reloaded assembly
- Completed reload, in  0.824 seconds
Platform modules already initialized, skipping
========================================================================
Worker process is ready to serve import requests
Launched and connected shader compiler UnityShaderCompiler.exe after 0.05 seconds
Refreshing native plugins compatible for Editor in 0.22 ms, found 0 plugins.
Preloading 0 native plugins for Editor in 0.00 ms.
Unloading 1117 Unused Serialized files (Serialized files now loaded: 0)
System memory in use before: 57.2 MB.
System memory in use after: 57.2 MB.

Unloading 10 unused Assets to reduce memory usage. Loaded Objects now: 1559.
Total: 2.488000 ms (FindLiveObjects: 0.254200 ms CreateObjectMapping: 0.072100 ms MarkObjects: 2.077300 ms  DeleteObjects: 0.082300 ms)

========================================================================
Received Import Request.
  path: Assets/Animations/New Animation2.anim
  artifactKey: Guid(986ca0f3f4396014bbf5d00385046fd7) Importer(815301076,1909f56bfc062723c751e8b465ee728b)
Start importing Assets/Animations/New Animation2.anim using Guid(986ca0f3f4396014bbf5d00385046fd7) Importer(815301076,1909f56bfc062723c751e8b465ee728b)  -> (artifact id: 'fd2b889468f12b0172d1a5a50817e94b') in 0.036743 seconds
  Import took 0.038681 seconds .

========================================================================
Received Import Request.
  Time since last request: 0.000261 seconds.
  path: Assets/Animations/New Animation3.anim
  artifactKey: Guid(17ef4b460c2386540a20d524bee4f94b) Importer(815301076,1909f56bfc062723c751e8b465ee728b)
Start importing Assets/Animations/New Animation3.anim using Guid(17ef4b460c2386540a20d524bee4f94b) Importer(815301076,1909f56bfc062723c751e8b465ee728b)  -> (artifact id: '51bf12dd3bdb9430ab2a76058879f880') in 0.004452 seconds
  Import took 0.006233 seconds .

========================================================================
Received Import Request.
  Time since last request: 0.000342 seconds.
  path: Assets/Animations/Cube (2) 2.controller
  artifactKey: Guid(bbe0249fd7519a94c877ce8bcea2c235) Importer(815301076,1909f56bfc062723c751e8b465ee728b)
Start importing Assets/Animations/Cube (2) 2.controller using Guid(bbe0249fd7519a94c877ce8bcea2c235) Importer(815301076,1909f56bfc062723c751e8b465ee728b)  -> (artifact id: 'dc70ca69514f6e003ef734f86c7cc292') in 0.007534 seconds
  Import took 0.010415 seconds .

========================================================================
Received Import Request.
  Time since last request: 0.000240 seconds.
  path: Assets/Animations/New Animation.anim
  artifactKey: Guid(7e50e3fcfb837c5429c858924cef9849) Importer(815301076,1909f56bfc062723c751e8b465ee728b)
Start importing Assets/Animations/New Animation.anim using Guid(7e50e3fcfb837c5429c858924cef9849) Importer(815301076,1909f56bfc062723c751e8b465ee728b)  -> (artifact id: 'b85659c8f552e6afa6202dba6636c10f') in 0.005810 seconds
  Import took 0.007910 seconds .

========================================================================
Received Import Request.
  Time since last request: 0.000229 seconds.
  path: Assets/Animations/Cube (2) 1.controller
  artifactKey: Guid(a9e1e0ca2ede246448cf413490e16e26) Importer(815301076,1909f56bfc062723c751e8b465ee728b)
Start importing Assets/Animations/Cube (2) 1.controller using Guid(a9e1e0ca2ede246448cf413490e16e26) Importer(815301076,1909f56bfc062723c751e8b465ee728b)  -> (artifact id: '27cd03dac64490596cbb219a53582cd8') in 0.006183 seconds
  Import took 0.008493 seconds .

========================================================================
Received Import Request.
  Time since last request: 0.000240 seconds.
  path: Assets/Animations/Sphere.controller
  artifactKey: Guid(fdd4cd2c43502fe479386fa17daf6dcc) Importer(815301076,1909f56bfc062723c751e8b465ee728b)
Start importing Assets/Animations/Sphere.controller using Guid(fdd4cd2c43502fe479386fa17daf6dcc) Importer(815301076,1909f56bfc062723c751e8b465ee728b)  -> (artifact id: '376612cae03449612912face47756f51') in 0.004431 seconds
  Import took 0.006654 seconds .

========================================================================
Received Import Request.
  Time since last request: 0.000200 seconds.
  path: Assets/Animations/Cube (2).controller
  artifactKey: Guid(838b78d1f06424a448c83a5a17af78bb) Importer(815301076,1909f56bfc062723c751e8b465ee728b)
Start importing Assets/Animations/Cube (2).controller using Guid(838b78d1f06424a448c83a5a17af78bb) Importer(815301076,1909f56bfc062723c751e8b465ee728b)  -> (artifact id: 'd7b972fa40d540ef21e57b4f5713ac6a') in 0.005107 seconds
  Import took 0.007580 seconds .

========================================================================
Received Import Request.
  Time since last request: 0.002620 seconds.
  path: Assets/Animations/Sphere.controller
  artifactKey: Guid(fdd4cd2c43502fe479386fa17daf6dcc) Importer(815301076,1909f56bfc062723c751e8b465ee728b)
Start importing Assets/Animations/Sphere.controller using Guid(fdd4cd2c43502fe479386fa17daf6dcc) Importer(815301076,1909f56bfc062723c751e8b465ee728b)  -> (artifact id: '376612cae03449612912face47756f51') in 0.004934 seconds
  Import took 0.007211 seconds .

========================================================================
Received Prepare
Refreshing native plugins compatible for Editor in 0.63 ms, found 0 plugins.
Preloading 0 native plugins for Editor in 0.00 ms.
Unloading 3 Unused Serialized files (Serialized files now loaded: 0)
System memory in use before: 34.9 MB.
System memory in use after: 35.0 MB.

Unloading 3 unused Assets to reduce memory usage. Loaded Objects now: 1559.
Total: 2.546200 ms (FindLiveObjects: 0.244700 ms CreateObjectMapping: 0.065100 ms MarkObjects: 2.180900 ms  DeleteObjects: 0.053400 ms)

========================================================================
Received Prepare
Registering precompiled user dll's ...
Registered in 0.000576 seconds.
Begin MonoManager ReloadAssembly
Native extension for WindowsStandalone target not found
Native extension for WebGL target not found
Refreshing native plugins compatible for Editor in 0.25 ms, found 0 plugins.
Preloading 0 native plugins for Editor in 0.00 ms.
Mono: successfully reloaded assembly
- Completed reload, in  0.766 seconds
Platform modules already initialized, skipping
Refreshing native plugins compatible for Editor in 0.22 ms, found 0 plugins.
Preloading 0 native plugins for Editor in 0.00 ms.
Unloading 1112 Unused Serialized files (Serialized files now loaded: 0)
System memory in use before: 57.1 MB.
System memory in use after: 57.2 MB.

Unloading 5 unused Assets to reduce memory usage. Loaded Objects now: 1562.
Total: 2.362600 ms (FindLiveObjects: 0.151400 ms CreateObjectMapping: 0.027800 ms MarkObjects: 2.116300 ms  DeleteObjects: 0.065600 ms)

========================================================================
Received Import Request.
  Time since last request: 355.431270 seconds.
  path: Assets/Prefab/Gun.prefab
  artifactKey: Guid(f6b8ab409088e3544ae4b57f987d7d2b) Importer(815301076,1909f56bfc062723c751e8b465ee728b)
Start importing Assets/Prefab/Gun.prefab using Guid(f6b8ab409088e3544ae4b57f987d7d2b) Importer(815301076,1909f56bfc062723c751e8b465ee728b)  -> (artifact id: 'ef4a8a84983ce21915e51fcddf947618') in 0.093867 seconds
  Import took 0.096722 seconds .

========================================================================
Received Prepare
Registering precompiled user dll's ...
Registered in 0.000608 seconds.
Begin MonoManager ReloadAssembly
Native extension for WindowsStandalone target not found
Native extension for WebGL target not found
Refreshing native plugins compatible for Editor in 0.22 ms, found 0 plugins.
Preloading 0 native plugins for Editor in 0.00 ms.
Mono: successfully reloaded assembly
- Completed reload, in  0.749 seconds
Platform modules already initialized, skipping
Refreshing native plugins compatible for Editor in 0.24 ms, found 0 plugins.
Preloading 0 native plugins for Editor in 0.00 ms.
Unloading 1112 Unused Serialized files (Serialized files now loaded: 0)
System memory in use before: 60.3 MB.
System memory in use after: 60.4 MB.

Unloading 6 unused Assets to reduce memory usage. Loaded Objects now: 1574.
Total: 1.722500 ms (FindLiveObjects: 0.154900 ms CreateObjectMapping: 0.026400 ms MarkObjects: 1.478600 ms  DeleteObjects: 0.061000 ms)

========================================================================
Received Import Request.
  Time since last request: 22.100063 seconds.
  path: Assets/Prefab/Gun.prefab
  artifactKey: Guid(f6b8ab409088e3544ae4b57f987d7d2b) Importer(815301076,1909f56bfc062723c751e8b465ee728b)
Start importing Assets/Prefab/Gun.prefab using Guid(f6b8ab409088e3544ae4b57f987d7d2b) Importer(815301076,1909f56bfc062723c751e8b465ee728b)  -> (artifact id: '820a754e82a702928ae871a260b5347f') in 0.057501 seconds
  Import took 0.060463 seconds .

========================================================================
Received Prepare
Registering precompiled user dll's ...
Registered in 0.000843 seconds.
Begin MonoManager ReloadAssembly
Native extension for WindowsStandalone target not found
Native extension for WebGL target not found
Refreshing native plugins compatible for Editor in 0.23 ms, found 0 plugins.
Preloading 0 native plugins for Editor in 0.00 ms.
Mono: successfully reloaded assembly
- Completed reload, in  0.703 seconds
Platform modules already initialized, skipping
Refreshing native plugins compatible for Editor in 0.23 ms, found 0 plugins.
Preloading 0 native plugins for Editor in 0.00 ms.
Unloading 1112 Unused Serialized files (Serialized files now loaded: 0)
System memory in use before: 60.3 MB.
System memory in use after: 60.4 MB.

Unloading 6 unused Assets to reduce memory usage. Loaded Objects now: 1578.
Total: 2.079500 ms (FindLiveObjects: 0.313800 ms CreateObjectMapping: 0.033600 ms MarkObjects: 1.668200 ms  DeleteObjects: 0.062300 ms)

========================================================================
Received Prepare
Registering precompiled user dll's ...
Registered in 0.000624 seconds.
Begin MonoManager ReloadAssembly
Native extension for WindowsStandalone target not found
Native extension for WebGL target not found
Refreshing native plugins compatible for Editor in 0.23 ms, found 0 plugins.
Preloading 0 native plugins for Editor in 0.00 ms.
Mono: successfully reloaded assembly
- Completed reload, in  0.735 seconds
Platform modules already initialized, skipping
Refreshing native plugins compatible for Editor in 0.24 ms, found 0 plugins.
Preloading 0 native plugins for Editor in 0.00 ms.
Unloading 1112 Unused Serialized files (Serialized files now loaded: 0)
System memory in use before: 60.3 MB.
System memory in use after: 60.4 MB.

Unloading 5 unused Assets to reduce memory usage. Loaded Objects now: 1581.
Total: 1.959000 ms (FindLiveObjects: 0.293300 ms CreateObjectMapping: 0.070900 ms MarkObjects: 1.538100 ms  DeleteObjects: 0.055300 ms)

========================================================================
Received Prepare
Registering precompiled user dll's ...
Registered in 0.000767 seconds.
Begin MonoManager ReloadAssembly
Native extension for WindowsStandalone target not found
Native extension for WebGL target not found
Refreshing native plugins compatible for Editor in 0.23 ms, found 0 plugins.
Preloading 0 native plugins for Editor in 0.00 ms.
Mono: successfully reloaded assembly
- Completed reload, in  0.743 seconds
Platform modules already initialized, skipping
Refreshing native plugins compatible for Editor in 0.29 ms, found 0 plugins.
Preloading 0 native plugins for Editor in 0.00 ms.
Unloading 1112 Unused Serialized files (Serialized files now loaded: 0)
System memory in use before: 60.3 MB.
System memory in use after: 60.4 MB.

Unloading 5 unused Assets to reduce memory usage. Loaded Objects now: 1584.
Total: 1.973000 ms (FindLiveObjects: 0.168800 ms CreateObjectMapping: 0.025800 ms MarkObjects: 1.718100 ms  DeleteObjects: 0.059300 ms)

========================================================================
Received Prepare
Registering precompiled user dll's ...
Registered in 0.000486 seconds.
Begin MonoManager ReloadAssembly
Native extension for WindowsStandalone target not found
Native extension for WebGL target not found
Refreshing native plugins compatible for Editor in 0.23 ms, found 0 plugins.
Preloading 0 native plugins for Editor in 0.00 ms.
Mono: successfully reloaded assembly
- Completed reload, in  0.712 seconds
Platform modules already initialized, skipping
Refreshing native plugins compatible for Editor in 0.26 ms, found 0 plugins.
Preloading 0 native plugins for Editor in 0.00 ms.
Unloading 1112 Unused Serialized files (Serialized files now loaded: 0)
System memory in use before: 60.3 MB.
System memory in use after: 60.4 MB.

Unloading 5 unused Assets to reduce memory usage. Loaded Objects now: 1587.
Total: 2.533000 ms (FindLiveObjects: 0.249100 ms CreateObjectMapping: 0.070900 ms MarkObjects: 2.152000 ms  DeleteObjects: 0.059300 ms)

========================================================================
Received Prepare
Registering precompiled user dll's ...
Registered in 0.000475 seconds.
Begin MonoManager ReloadAssembly
Native extension for WindowsStandalone target not found
Native extension for WebGL target not found
Refreshing native plugins compatible for Editor in 0.24 ms, found 0 plugins.
Preloading 0 native plugins for Editor in 0.00 ms.
Mono: successfully reloaded assembly
- Completed reload, in  0.718 seconds
Platform modules already initialized, skipping
Refreshing native plugins compatible for Editor in 0.23 ms, found 0 plugins.
Preloading 0 native plugins for Editor in 0.00 ms.
Unloading 1112 Unused Serialized files (Serialized files now loaded: 0)
System memory in use before: 60.3 MB.
System memory in use after: 60.4 MB.

Unloading 5 unused Assets to reduce memory usage. Loaded Objects now: 1590.
Total: 2.490700 ms (FindLiveObjects: 0.224200 ms CreateObjectMapping: 0.049000 ms MarkObjects: 2.157300 ms  DeleteObjects: 0.058200 ms)

========================================================================
Received Prepare
Registering precompiled user dll's ...
Registered in 0.000542 seconds.
Begin MonoManager ReloadAssembly
Native extension for WindowsStandalone target not found
Native extension for WebGL target not found
Refreshing native plugins compatible for Editor in 0.29 ms, found 0 plugins.
Preloading 0 native plugins for Editor in 0.00 ms.
Mono: successfully reloaded assembly
- Completed reload, in  0.859 seconds
Platform modules already initialized, skipping
Refreshing native plugins compatible for Editor in 0.34 ms, found 0 plugins.
Preloading 0 native plugins for Editor in 0.00 ms.
Unloading 1112 Unused Serialized files (Serialized files now loaded: 0)
System memory in use before: 60.3 MB.
System memory in use after: 60.4 MB.

Unloading 5 unused Assets to reduce memory usage. Loaded Objects now: 1593.
Total: 2.856800 ms (FindLiveObjects: 0.234800 ms CreateObjectMapping: 0.031300 ms MarkObjects: 2.424900 ms  DeleteObjects: 0.162800 ms)

========================================================================
Received Import Request.
  Time since last request: 949.972766 seconds.
  path: Assets/Scripts/Shoot.cs
  artifactKey: Guid(762c004efe31a3a4a8fe725355855cf8) Importer(815301076,1909f56bfc062723c751e8b465ee728b)
Start importing Assets/Scripts/Shoot.cs using Guid(762c004efe31a3a4a8fe725355855cf8) Importer(815301076,1909f56bfc062723c751e8b465ee728b)  -> (artifact id: '384aa7b971dd733ebbf589f7eef41525') in 0.011552 seconds
  Import took 0.014274 seconds .

========================================================================
Received Prepare
Registering precompiled user dll's ...
Registered in 0.000761 seconds.
Begin MonoManager ReloadAssembly
Native extension for WindowsStandalone target not found
Native extension for WebGL target not found
Refreshing native plugins compatible for Editor in 0.23 ms, found 0 plugins.
Preloading 0 native plugins for Editor in 0.00 ms.
Mono: successfully reloaded assembly
- Completed reload, in  0.748 seconds
Platform modules already initialized, skipping
Refreshing native plugins compatible for Editor in 0.23 ms, found 0 plugins.
Preloading 0 native plugins for Editor in 0.00 ms.
Unloading 1114 Unused Serialized files (Serialized files now loaded: 0)
System memory in use before: 60.4 MB.
System memory in use after: 60.5 MB.

Unloading 5 unused Assets to reduce memory usage. Loaded Objects now: 1598.
Total: 1.904600 ms (FindLiveObjects: 0.261000 ms CreateObjectMapping: 0.071800 ms MarkObjects: 1.508000 ms  DeleteObjects: 0.061500 ms)

========================================================================
Received Import Request.
  Time since last request: 82.131338 seconds.
  path: Assets/Scripts/Shoot.cs
  artifactKey: Guid(762c004efe31a3a4a8fe725355855cf8) Importer(815301076,1909f56bfc062723c751e8b465ee728b)
Start importing Assets/Scripts/Shoot.cs using Guid(762c004efe31a3a4a8fe725355855cf8) Importer(815301076,1909f56bfc062723c751e8b465ee728b)  -> (artifact id: '14aa438cfd31a5a0919348daddb4b76d') in 0.006150 seconds
  Import took 0.009419 seconds .

========================================================================
Received Import Request.
  Time since last request: 0.009338 seconds.
  path: Assets/Scripts/Shoot.cs
  artifactKey: Guid(762c004efe31a3a4a8fe725355855cf8) Importer(815301076,1909f56bfc062723c751e8b465ee728b)
Start importing Assets/Scripts/Shoot.cs using Guid(762c004efe31a3a4a8fe725355855cf8) Importer(815301076,1909f56bfc062723c751e8b465ee728b)  -> (artifact id: '14aa438cfd31a5a0919348daddb4b76d') in 0.003707 seconds
  Import took 0.006491 seconds .

========================================================================
Received Prepare
Registering precompiled user dll's ...
Registered in 0.000677 seconds.
Begin MonoManager ReloadAssembly
Native extension for WindowsStandalone target not found
Native extension for WebGL target not found
Refreshing native plugins compatible for Editor in 0.24 ms, found 0 plugins.
Preloading 0 native plugins for Editor in 0.00 ms.
Mono: successfully reloaded assembly
- Completed reload, in  0.745 seconds
Platform modules already initialized, skipping
Refreshing native plugins compatible for Editor in 0.23 ms, found 0 plugins.
Preloading 0 native plugins for Editor in 0.00 ms.
Unloading 1116 Unused Serialized files (Serialized files now loaded: 0)
System memory in use before: 60.4 MB.
System memory in use after: 60.5 MB.

Unloading 5 unused Assets to reduce memory usage. Loaded Objects now: 1603.
Total: 1.927800 ms (FindLiveObjects: 0.247600 ms CreateObjectMapping: 0.066000 ms MarkObjects: 1.556500 ms  DeleteObjects: 0.055800 ms)

========================================================================
Received Import Request.
  Time since last request: 178.570050 seconds.
  path: Assets/Scripts/Shoot.cs
  artifactKey: Guid(762c004efe31a3a4a8fe725355855cf8) Importer(815301076,1909f56bfc062723c751e8b465ee728b)
Start importing Assets/Scripts/Shoot.cs using Guid(762c004efe31a3a4a8fe725355855cf8) Importer(815301076,1909f56bfc062723c751e8b465ee728b)  -> (artifact id: 'dac4a9cbffaef498cedef51dc1aa37d4') in 0.006641 seconds
  Import took 0.009364 seconds .

========================================================================
Received Import Request.
  Time since last request: 0.001367 seconds.
  path: Assets/Scripts/Shoot.cs
  artifactKey: Guid(762c004efe31a3a4a8fe725355855cf8) Importer(815301076,1909f56bfc062723c751e8b465ee728b)
Start importing Assets/Scripts/Shoot.cs using Guid(762c004efe31a3a4a8fe725355855cf8) Importer(815301076,1909f56bfc062723c751e8b465ee728b)  -> (artifact id: 'dac4a9cbffaef498cedef51dc1aa37d4') in 0.014252 seconds
  Import took 0.016214 seconds .

========================================================================
Received Prepare
Registering precompiled user dll's ...
Registered in 0.000548 seconds.
Begin MonoManager ReloadAssembly
Native extension for WindowsStandalone target not found
Native extension for WebGL target not found
Refreshing native plugins compatible for Editor in 0.23 ms, found 0 plugins.
Preloading 0 native plugins for Editor in 0.00 ms.
Mono: successfully reloaded assembly
- Completed reload, in  0.724 seconds
Platform modules already initialized, skipping
Refreshing native plugins compatible for Editor in 0.23 ms, found 0 plugins.
Preloading 0 native plugins for Editor in 0.00 ms.
Unloading 1116 Unused Serialized files (Serialized files now loaded: 0)
System memory in use before: 60.4 MB.
System memory in use after: 60.5 MB.

Unloading 5 unused Assets to reduce memory usage. Loaded Objects now: 1606.
Total: 2.066500 ms (FindLiveObjects: 0.240300 ms CreateObjectMapping: 0.054400 ms MarkObjects: 1.707400 ms  DeleteObjects: 0.062900 ms)

========================================================================
Received Import Request.
  Time since last request: 57.096015 seconds.
  path: Assets/Scripts/Shoot.cs
  artifactKey: Guid(762c004efe31a3a4a8fe725355855cf8) Importer(815301076,1909f56bfc062723c751e8b465ee728b)
Start importing Assets/Scripts/Shoot.cs using Guid(762c004efe31a3a4a8fe725355855cf8) Importer(815301076,1909f56bfc062723c751e8b465ee728b)  -> (artifact id: '95951a27453f6a32f51b59619beb494b') in 0.006201 seconds
  Import took 0.008127 seconds .

========================================================================
Received Prepare
Registering precompiled user dll's ...
Registered in 0.000600 seconds.
Begin MonoManager ReloadAssembly
Native extension for WindowsStandalone target not found
Native extension for WebGL target not found
Refreshing native plugins compatible for Editor in 0.29 ms, found 0 plugins.
Preloading 0 native plugins for Editor in 0.00 ms.
Mono: successfully reloaded assembly
- Completed reload, in  0.752 seconds
Platform modules already initialized, skipping
Refreshing native plugins compatible for Editor in 0.22 ms, found 0 plugins.
Preloading 0 native plugins for Editor in 0.00 ms.
Unloading 1116 Unused Serialized files (Serialized files now loaded: 0)
System memory in use before: 60.5 MB.
System memory in use after: 60.5 MB.

Unloading 5 unused Assets to reduce memory usage. Loaded Objects now: 1609.
Total: 1.784100 ms (FindLiveObjects: 0.211100 ms CreateObjectMapping: 0.050500 ms MarkObjects: 1.461700 ms  DeleteObjects: 0.058600 ms)

========================================================================
Received Import Request.
  Time since last request: 68.661012 seconds.
  path: Assets/Prefab/Gun.prefab
  artifactKey: Guid(f6b8ab409088e3544ae4b57f987d7d2b) Importer(815301076,1909f56bfc062723c751e8b465ee728b)
Start importing Assets/Prefab/Gun.prefab using Guid(f6b8ab409088e3544ae4b57f987d7d2b) Importer(815301076,1909f56bfc062723c751e8b465ee728b)  -> (artifact id: '2e1020366ecd357dc42efbd62da4f8b7') in 0.052463 seconds
  Import took 0.054989 seconds .

========================================================================
Received Import Request.
  Time since last request: 7.024289 seconds.
  path: Assets/Prefab/Gun.prefab
  artifactKey: Guid(f6b8ab409088e3544ae4b57f987d7d2b) Importer(815301076,1909f56bfc062723c751e8b465ee728b)
Start importing Assets/Prefab/Gun.prefab using Guid(f6b8ab409088e3544ae4b57f987d7d2b) Importer(815301076,1909f56bfc062723c751e8b465ee728b)  -> (artifact id: 'c9a97bde00aabe244eca600ef1594b38') in 0.013890 seconds
  Import took 0.016389 seconds .

========================================================================
Received Import Request.
  Time since last request: 3.007270 seconds.
  path: Assets/Prefab/Gun.prefab
  artifactKey: Guid(f6b8ab409088e3544ae4b57f987d7d2b) Importer(815301076,1909f56bfc062723c751e8b465ee728b)
Start importing Assets/Prefab/Gun.prefab using Guid(f6b8ab409088e3544ae4b57f987d7d2b) Importer(815301076,1909f56bfc062723c751e8b465ee728b)  -> (artifact id: '1cee25fe2501215f091b905eb8e8ae2b') in 0.013636 seconds
  Import took 0.016377 seconds .

========================================================================
Received Import Request.
  Time since last request: 3.416643 seconds.
  path: Assets/Prefab/Gun.prefab
  artifactKey: Guid(f6b8ab409088e3544ae4b57f987d7d2b) Importer(815301076,1909f56bfc062723c751e8b465ee728b)
Start importing Assets/Prefab/Gun.prefab using Guid(f6b8ab409088e3544ae4b57f987d7d2b) Importer(815301076,1909f56bfc062723c751e8b465ee728b)  -> (artifact id: 'dbe0ac6f8fe044f82873f5f981dec113') in 0.011973 seconds
  Import took 0.014488 seconds .

========================================================================
Received Import Request.
  Time since last request: 124.484483 seconds.
  path: Assets/Prefab/Sphere.prefab
  artifactKey: Guid(cd23a268ec1eb1f488c981d758cd9c2c) Importer(815301076,1909f56bfc062723c751e8b465ee728b)
Start importing Assets/Prefab/Sphere.prefab using Guid(cd23a268ec1eb1f488c981d758cd9c2c) Importer(815301076,1909f56bfc062723c751e8b465ee728b)  -> (artifact id: 'b7b3f439b56b07cc1881486f550e7fd5') in 0.012698 seconds
  Import took 0.015321 seconds .

========================================================================
Received Import Request.
  Time since last request: 0.003952 seconds.
  path: Assets/Prefab/Sphere.prefab
  artifactKey: Guid(cd23a268ec1eb1f488c981d758cd9c2c) Importer(815301076,1909f56bfc062723c751e8b465ee728b)
Start importing Assets/Prefab/Sphere.prefab using Guid(cd23a268ec1eb1f488c981d758cd9c2c) Importer(815301076,1909f56bfc062723c751e8b465ee728b)  -> (artifact id: 'b7b3f439b56b07cc1881486f550e7fd5') in 0.008267 seconds
  Import took 0.010772 seconds .

========================================================================
Received Import Request.
  Time since last request: 10.597861 seconds.
  path: Assets/Materials/New Material.mat
  artifactKey: Guid(98895630bee2a3244831d1e330f878cc) Importer(815301076,1909f56bfc062723c751e8b465ee728b)
Start importing Assets/Materials/New Material.mat using Guid(98895630bee2a3244831d1e330f878cc) Importer(815301076,1909f56bfc062723c751e8b465ee728b)  -> (artifact id: '417bd9d2db5b62b1fc00e8d385022a6e') in 0.041637 seconds
  Import took 0.044435 seconds .

========================================================================
Received Prepare
Registering precompiled user dll's ...
Registered in 0.000572 seconds.
Begin MonoManager ReloadAssembly
Native extension for WindowsStandalone target not found
Native extension for WebGL target not found
Refreshing native plugins compatible for Editor in 0.73 ms, found 0 plugins.
Preloading 0 native plugins for Editor in 0.00 ms.
Mono: successfully reloaded assembly
- Completed reload, in  0.957 seconds
Platform modules already initialized, skipping
Refreshing native plugins compatible for Editor in 0.34 ms, found 0 plugins.
Preloading 0 native plugins for Editor in 0.00 ms.
Unloading 1116 Unused Serialized files (Serialized files now loaded: 0)
System memory in use before: 60.7 MB.
System memory in use after: 60.8 MB.

Unloading 6 unused Assets to reduce memory usage. Loaded Objects now: 1647.
Total: 3.336800 ms (FindLiveObjects: 0.434900 ms CreateObjectMapping: 0.043900 ms MarkObjects: 2.671300 ms  DeleteObjects: 0.184400 ms)

========================================================================
Received Import Request.
  Time since last request: 172.597176 seconds.
  path: Assets/Prefab/Sphere.prefab
  artifactKey: Guid(cd23a268ec1eb1f488c981d758cd9c2c) Importer(815301076,1909f56bfc062723c751e8b465ee728b)
Start importing Assets/Prefab/Sphere.prefab using Guid(cd23a268ec1eb1f488c981d758cd9c2c) Importer(815301076,1909f56bfc062723c751e8b465ee728b)  -> (artifact id: '32082537056bac4c2721f9ff22bd0ea5') in 0.051934 seconds
  Import took 0.054010 seconds .

========================================================================
Received Prepare
Registering precompiled user dll's ...
Registered in 0.000576 seconds.
Begin MonoManager ReloadAssembly
Native extension for WindowsStandalone target not found
Native extension for WebGL target not found
Refreshing native plugins compatible for Editor in 0.44 ms, found 0 plugins.
Preloading 0 native plugins for Editor in 0.00 ms.
Mono: successfully reloaded assembly
- Completed reload, in  0.729 seconds
Platform modules already initialized, skipping
Refreshing native plugins compatible for Editor in 0.22 ms, found 0 plugins.
Preloading 0 native plugins for Editor in 0.00 ms.
Unloading 1116 Unused Serialized files (Serialized files now loaded: 0)
System memory in use before: 60.8 MB.
System memory in use after: 60.8 MB.

Unloading 5 unused Assets to reduce memory usage. Loaded Objects now: 1651.
Total: 1.883400 ms (FindLiveObjects: 0.186300 ms CreateObjectMapping: 0.030800 ms MarkObjects: 1.570200 ms  DeleteObjects: 0.094200 ms)

========================================================================
Received Import Request.
  Time since last request: 11.318023 seconds.
  path: Assets/Prefab/Gun.prefab
  artifactKey: Guid(f6b8ab409088e3544ae4b57f987d7d2b) Importer(815301076,1909f56bfc062723c751e8b465ee728b)
Start importing Assets/Prefab/Gun.prefab using Guid(f6b8ab409088e3544ae4b57f987d7d2b) Importer(815301076,1909f56bfc062723c751e8b465ee728b)  -> (artifact id: 'a30edce40c1748f2117f0e970c2d6033') in 0.059371 seconds
  Import took 0.062114 seconds .

========================================================================
Received Import Request.
  Time since last request: 5.337627 seconds.
  path: Assets/Prefab/Gun.prefab
  artifactKey: Guid(f6b8ab409088e3544ae4b57f987d7d2b) Importer(815301076,1909f56bfc062723c751e8b465ee728b)
Start importing Assets/Prefab/Gun.prefab using Guid(f6b8ab409088e3544ae4b57f987d7d2b) Importer(815301076,1909f56bfc062723c751e8b465ee728b)  -> (artifact id: '36486f69855b44b50ef3cd53b20a56e1') in 0.023380 seconds
  Import took 0.026233 seconds .

========================================================================
Received Import Request.
  Time since last request: 2.679294 seconds.
  path: Assets/Prefab/Gun.prefab
  artifactKey: Guid(f6b8ab409088e3544ae4b57f987d7d2b) Importer(815301076,1909f56bfc062723c751e8b465ee728b)
Start importing Assets/Prefab/Gun.prefab using Guid(f6b8ab409088e3544ae4b57f987d7d2b) Importer(815301076,1909f56bfc062723c751e8b465ee728b)  -> (artifact id: 'a8c69368082d553c893200d9c71101b8') in 0.013446 seconds
  Import took 0.016073 seconds .

========================================================================
Received Prepare
Registering precompiled user dll's ...
Registered in 0.000720 seconds.
Begin MonoManager ReloadAssembly
Native extension for WindowsStandalone target not found
Native extension for WebGL target not found
Refreshing native plugins compatible for Editor in 0.24 ms, found 0 plugins.
Preloading 0 native plugins for Editor in 0.00 ms.
Mono: successfully reloaded assembly
- Completed reload, in  0.730 seconds
Platform modules already initialized, skipping
Refreshing native plugins compatible for Editor in 0.24 ms, found 0 plugins.
Preloading 0 native plugins for Editor in 0.00 ms.
Unloading 1116 Unused Serialized files (Serialized files now loaded: 0)
System memory in use before: 60.8 MB.
System memory in use after: 60.8 MB.

Unloading 6 unused Assets to reduce memory usage. Loaded Objects now: 1655.
Total: 1.961700 ms (FindLiveObjects: 0.253800 ms CreateObjectMapping: 0.068100 ms MarkObjects: 1.577500 ms  DeleteObjects: 0.059900 ms)

========================================================================
Received Import Request.
  Time since last request: 220.285608 seconds.
  path: Assets/Prefab/Gun.prefab
  artifactKey: Guid(f6b8ab409088e3544ae4b57f987d7d2b) Importer(815301076,1909f56bfc062723c751e8b465ee728b)
Start importing Assets/Prefab/Gun.prefab using Guid(f6b8ab409088e3544ae4b57f987d7d2b) Importer(815301076,1909f56bfc062723c751e8b465ee728b)  -> (artifact id: '6489ceb9150e68ef3a9df6d84b87228e') in 0.059950 seconds
  Import took 0.062892 seconds .

========================================================================
Received Import Request.
  Time since last request: 1.750069 seconds.
  path: Assets/Prefab/Gun.prefab
  artifactKey: Guid(f6b8ab409088e3544ae4b57f987d7d2b) Importer(815301076,1909f56bfc062723c751e8b465ee728b)
Start importing Assets/Prefab/Gun.prefab using Guid(f6b8ab409088e3544ae4b57f987d7d2b) Importer(815301076,1909f56bfc062723c751e8b465ee728b)  -> (artifact id: '6489ceb9150e68ef3a9df6d84b87228e') in 0.011774 seconds
  Import took 0.014217 seconds .

========================================================================
Received Import Request.
  Time since last request: 46.178920 seconds.
  path: Assets/Scripts/Player.cs
  artifactKey: Guid(46f6adf1a81bbb644996de623a555099) Importer(815301076,1909f56bfc062723c751e8b465ee728b)
Start importing Assets/Scripts/Player.cs using Guid(46f6adf1a81bbb644996de623a555099) Importer(815301076,1909f56bfc062723c751e8b465ee728b)  -> (artifact id: 'ca922a0c7ad4c3a8defd70a538cd6ad5') in 0.005845 seconds
  Import took 0.008120 seconds .

========================================================================
Received Prepare
Registering precompiled user dll's ...
Registered in 0.000935 seconds.
Begin MonoManager ReloadAssembly
Native extension for WindowsStandalone target not found
Native extension for WebGL target not found
Refreshing native plugins compatible for Editor in 0.23 ms, found 0 plugins.
Preloading 0 native plugins for Editor in 0.00 ms.
Mono: successfully reloaded assembly
- Completed reload, in  0.735 seconds
Platform modules already initialized, skipping
Refreshing native plugins compatible for Editor in 0.24 ms, found 0 plugins.
Preloading 0 native plugins for Editor in 0.00 ms.
Unloading 1116 Unused Serialized files (Serialized files now loaded: 0)
System memory in use before: 60.8 MB.
System memory in use after: 60.9 MB.

Unloading 6 unused Assets to reduce memory usage. Loaded Objects now: 1659.
Total: 2.538000 ms (FindLiveObjects: 0.316700 ms CreateObjectMapping: 0.075100 ms MarkObjects: 2.079800 ms  DeleteObjects: 0.064400 ms)

========================================================================
Received Import Request.
  Time since last request: 15.257628 seconds.
  path: Assets/Scripts/Player.cs
  artifactKey: Guid(46f6adf1a81bbb644996de623a555099) Importer(815301076,1909f56bfc062723c751e8b465ee728b)
Start importing Assets/Scripts/Player.cs using Guid(46f6adf1a81bbb644996de623a555099) Importer(815301076,1909f56bfc062723c751e8b465ee728b)  -> (artifact id: '55be6a5f2c0d59c74461bb3b69d938d1') in 0.005523 seconds
  Import took 0.008212 seconds .

========================================================================
Received Import Request.
  Time since last request: 4.286129 seconds.
  path: Assets/Scripts/player.cs
  artifactKey: Guid(46f6adf1a81bbb644996de623a555099) Importer(815301076,1909f56bfc062723c751e8b465ee728b)
Start importing Assets/Scripts/player.cs using Guid(46f6adf1a81bbb644996de623a555099) Importer(815301076,1909f56bfc062723c751e8b465ee728b)  -> (artifact id: 'c2f1427cee5ec9c64eaef5a84dd297b8') in 0.008846 seconds
  Import took 0.011981 seconds .

========================================================================
Received Import Request.
  Time since last request: 0.000438 seconds.
  path: Assets/Scripts/player.cs
  artifactKey: Guid(46f6adf1a81bbb644996de623a555099) Importer(815301076,1909f56bfc062723c751e8b465ee728b)
Start importing Assets/Scripts/player.cs using Guid(46f6adf1a81bbb644996de623a555099) Importer(815301076,1909f56bfc062723c751e8b465ee728b)  -> (artifact id: 'c2f1427cee5ec9c64eaef5a84dd297b8') in 0.004317 seconds
  Import took 0.006510 seconds .

========================================================================
Received Import Request.
  Time since last request: 7.724247 seconds.
  path: Assets/Scripts/Health.cs
  artifactKey: Guid(419b2197dee0dd648a092c37a529544c) Importer(815301076,1909f56bfc062723c751e8b465ee728b)
Start importing Assets/Scripts/Health.cs using Guid(419b2197dee0dd648a092c37a529544c) Importer(815301076,1909f56bfc062723c751e8b465ee728b)  -> (artifact id: '865b4bdfc0cb3025bb3b241006f0f31a') in 0.007232 seconds
  Import took 0.009313 seconds .

========================================================================
Received Import Request.
  Time since last request: 0.001765 seconds.
  path: Assets/Scripts/Health.cs
  artifactKey: Guid(419b2197dee0dd648a092c37a529544c) Importer(815301076,1909f56bfc062723c751e8b465ee728b)
Start importing Assets/Scripts/Health.cs using Guid(419b2197dee0dd648a092c37a529544c) Importer(815301076,1909f56bfc062723c751e8b465ee728b)  -> (artifact id: '865b4bdfc0cb3025bb3b241006f0f31a') in 0.003991 seconds
  Import took 0.006351 seconds .

========================================================================
Received Import Request.
  Time since last request: 1.102528 seconds.
  path: Assets/Scripts/Bullet.cs
  artifactKey: Guid(40aa401a11dfd114c87a3d23ceb6d8b8) Importer(815301076,1909f56bfc062723c751e8b465ee728b)
Start importing Assets/Scripts/Bullet.cs using Guid(40aa401a11dfd114c87a3d23ceb6d8b8) Importer(815301076,1909f56bfc062723c751e8b465ee728b)  -> (artifact id: '304845091a1f636db909ada77c9dceb5') in 0.004097 seconds
  Import took 0.006615 seconds .

========================================================================
Received Import Request.
  Time since last request: 0.001629 seconds.
  path: Assets/Scripts/Bullet.cs
  artifactKey: Guid(40aa401a11dfd114c87a3d23ceb6d8b8) Importer(815301076,1909f56bfc062723c751e8b465ee728b)
Start importing Assets/Scripts/Bullet.cs using Guid(40aa401a11dfd114c87a3d23ceb6d8b8) Importer(815301076,1909f56bfc062723c751e8b465ee728b)  -> (artifact id: '304845091a1f636db909ada77c9dceb5') in 0.003848 seconds
  Import took 0.006125 seconds .

========================================================================
Received Import Request.
  Time since last request: 1.881582 seconds.
  path: Assets/Scripts/Shoot.cs
  artifactKey: Guid(762c004efe31a3a4a8fe725355855cf8) Importer(815301076,1909f56bfc062723c751e8b465ee728b)
Start importing Assets/Scripts/Shoot.cs using Guid(762c004efe31a3a4a8fe725355855cf8) Importer(815301076,1909f56bfc062723c751e8b465ee728b)  -> (artifact id: 'b3d242059e89d92aaa4372c927e50026') in 0.003483 seconds
  Import took 0.007035 seconds .

========================================================================
Received Import Request.
  Time since last request: 0.001464 seconds.
  path: Assets/Scripts/Shoot.cs
  artifactKey: Guid(762c004efe31a3a4a8fe725355855cf8) Importer(815301076,1909f56bfc062723c751e8b465ee728b)
Start importing Assets/Scripts/Shoot.cs using Guid(762c004efe31a3a4a8fe725355855cf8) Importer(815301076,1909f56bfc062723c751e8b465ee728b)  -> (artifact id: 'b3d242059e89d92aaa4372c927e50026') in 0.003809 seconds
  Import took 0.006021 seconds .

========================================================================
Received Import Request.
  Time since last request: 15.656360 seconds.
  path: Assets/Scripts/Shoot.cs
  artifactKey: Guid(762c004efe31a3a4a8fe725355855cf8) Importer(815301076,1909f56bfc062723c751e8b465ee728b)
Start importing Assets/Scripts/Shoot.cs using Guid(762c004efe31a3a4a8fe725355855cf8) Importer(815301076,1909f56bfc062723c751e8b465ee728b)  -> (artifact id: '4d74a80ca1bd8ff914ca205de23668d9') in 0.004383 seconds
  Import took 0.006589 seconds .

========================================================================
Received Prepare
Registering precompiled user dll's ...
Registered in 0.000503 seconds.
Begin MonoManager ReloadAssembly
Native extension for WindowsStandalone target not found
Native extension for WebGL target not found
Refreshing native plugins compatible for Editor in 0.24 ms, found 0 plugins.
Preloading 0 native plugins for Editor in 0.00 ms.
Mono: successfully reloaded assembly
- Completed reload, in  0.715 seconds
Platform modules already initialized, skipping
Refreshing native plugins compatible for Editor in 0.23 ms, found 0 plugins.
Preloading 0 native plugins for Editor in 0.00 ms.
Unloading 1116 Unused Serialized files (Serialized files now loaded: 0)
System memory in use before: 60.8 MB.
System memory in use after: 60.9 MB.

Unloading 5 unused Assets to reduce memory usage. Loaded Objects now: 1662.
Total: 2.112800 ms (FindLiveObjects: 0.291500 ms CreateObjectMapping: 0.068100 ms MarkObjects: 1.690600 ms  DeleteObjects: 0.060300 ms)

========================================================================
Received Prepare
Registering precompiled user dll's ...
Registered in 0.000647 seconds.
Begin MonoManager ReloadAssembly
Native extension for WindowsStandalone target not found
Native extension for WebGL target not found
Refreshing native plugins compatible for Editor in 0.24 ms, found 0 plugins.
Preloading 0 native plugins for Editor in 0.00 ms.
Mono: successfully reloaded assembly
- Completed reload, in  0.729 seconds
Platform modules already initialized, skipping
Refreshing native plugins compatible for Editor in 0.23 ms, found 0 plugins.
Preloading 0 native plugins for Editor in 0.00 ms.
Unloading 1116 Unused Serialized files (Serialized files now loaded: 0)
System memory in use before: 60.8 MB.
System memory in use after: 60.9 MB.

Unloading 5 unused Assets to reduce memory usage. Loaded Objects now: 1665.
Total: 1.691300 ms (FindLiveObjects: 0.207700 ms CreateObjectMapping: 0.033700 ms MarkObjects: 1.389300 ms  DeleteObjects: 0.058700 ms)

========================================================================
Received Import Request.
  Time since last request: 77.724692 seconds.
  path: Assets/Prefab/Gun.prefab
  artifactKey: Guid(f6b8ab409088e3544ae4b57f987d7d2b) Importer(815301076,1909f56bfc062723c751e8b465ee728b)
Start importing Assets/Prefab/Gun.prefab using Guid(f6b8ab409088e3544ae4b57f987d7d2b) Importer(815301076,1909f56bfc062723c751e8b465ee728b)  -> (artifact id: '5909b51929bee90fd99c97ffd4835d2a') in 0.055564 seconds
  Import took 0.058960 seconds .

========================================================================
Received Prepare
Registering precompiled user dll's ...
Registered in 0.000535 seconds.
Begin MonoManager ReloadAssembly
Native extension for WindowsStandalone target not found
Native extension for WebGL target not found
Refreshing native plugins compatible for Editor in 0.23 ms, found 0 plugins.
Preloading 0 native plugins for Editor in 0.00 ms.
Mono: successfully reloaded assembly
- Completed reload, in  0.713 seconds
Platform modules already initialized, skipping
Refreshing native plugins compatible for Editor in 0.23 ms, found 0 plugins.
Preloading 0 native plugins for Editor in 0.00 ms.
Unloading 1116 Unused Serialized files (Serialized files now loaded: 0)
System memory in use before: 60.8 MB.
System memory in use after: 60.9 MB.

Unloading 6 unused Assets to reduce memory usage. Loaded Objects now: 1669.
Total: 1.625200 ms (FindLiveObjects: 0.170900 ms CreateObjectMapping: 0.026600 ms MarkObjects: 1.364700 ms  DeleteObjects: 0.062000 ms)

========================================================================
Received Prepare
Registering precompiled user dll's ...
Registered in 0.000567 seconds.
Begin MonoManager ReloadAssembly
Native extension for WindowsStandalone target not found
Native extension for WebGL target not found
Refreshing native plugins compatible for Editor in 0.24 ms, found 0 plugins.
Preloading 0 native plugins for Editor in 0.00 ms.
Mono: successfully reloaded assembly
- Completed reload, in  0.734 seconds
Platform modules already initialized, skipping
Refreshing native plugins compatible for Editor in 0.23 ms, found 0 plugins.
Preloading 0 native plugins for Editor in 0.00 ms.
Unloading 1116 Unused Serialized files (Serialized files now loaded: 0)
System memory in use before: 60.8 MB.
System memory in use after: 60.9 MB.

Unloading 5 unused Assets to reduce memory usage. Loaded Objects now: 1672.
Total: 2.554300 ms (FindLiveObjects: 0.337100 ms CreateObjectMapping: 0.101000 ms MarkObjects: 2.058900 ms  DeleteObjects: 0.055200 ms)

========================================================================
Received Import Request.
  Time since last request: 278.572082 seconds.
  path: Assets/Prefab/Gun.prefab
  artifactKey: Guid(f6b8ab409088e3544ae4b57f987d7d2b) Importer(815301076,1909f56bfc062723c751e8b465ee728b)
Start importing Assets/Prefab/Gun.prefab using Guid(f6b8ab409088e3544ae4b57f987d7d2b) Importer(815301076,1909f56bfc062723c751e8b465ee728b)  -> (artifact id: '2e2221ad3e65d1a004aff6060a9c044e') in 0.057218 seconds
  Import took 0.059505 seconds .

========================================================================
Received Prepare
Registering precompiled user dll's ...
Registered in 0.000554 seconds.
Begin MonoManager ReloadAssembly
Native extension for WindowsStandalone target not found
Native extension for WebGL target not found
Refreshing native plugins compatible for Editor in 0.24 ms, found 0 plugins.
Preloading 0 native plugins for Editor in 0.00 ms.
Mono: successfully reloaded assembly
- Completed reload, in  0.738 seconds
Platform modules already initialized, skipping
Refreshing native plugins compatible for Editor in 0.23 ms, found 0 plugins.
Preloading 0 native plugins for Editor in 0.00 ms.
Unloading 1116 Unused Serialized files (Serialized files now loaded: 0)
System memory in use before: 60.8 MB.
System memory in use after: 60.9 MB.

Unloading 6 unused Assets to reduce memory usage. Loaded Objects now: 1676.
Total: 1.826800 ms (FindLiveObjects: 0.178900 ms CreateObjectMapping: 0.026000 ms MarkObjects: 1.556700 ms  DeleteObjects: 0.064300 ms)

========================================================================
Received Import Request.
  Time since last request: 215.338426 seconds.
  path: Assets/Prefab/Gun.prefab
  artifactKey: Guid(f6b8ab409088e3544ae4b57f987d7d2b) Importer(815301076,1909f56bfc062723c751e8b465ee728b)
Start importing Assets/Prefab/Gun.prefab using Guid(f6b8ab409088e3544ae4b57f987d7d2b) Importer(815301076,1909f56bfc062723c751e8b465ee728b)  -> (artifact id: 'f1eff452c4a08593aa08eb337fbf180f') in 0.076342 seconds
  Import took 0.079953 seconds .

========================================================================
Received Import Request.
  Time since last request: 29.165831 seconds.
  path: Assets/Animations/up.anim
  artifactKey: Guid(c171104903cd9ec43aad07eafd032244) Importer(815301076,1909f56bfc062723c751e8b465ee728b)
Start importing Assets/Animations/up.anim using Guid(c171104903cd9ec43aad07eafd032244) Importer(815301076,1909f56bfc062723c751e8b465ee728b)  -> (artifact id: '67bcb79d6833be1ea37484064889e6e3') in 0.004475 seconds
  Import took 0.007239 seconds .

========================================================================
Received Import Request.
  Time since last request: 0.003136 seconds.
  path: Assets/Animations/up.anim
  artifactKey: Guid(c171104903cd9ec43aad07eafd032244) Importer(815301076,1909f56bfc062723c751e8b465ee728b)
Start importing Assets/Animations/up.anim using Guid(c171104903cd9ec43aad07eafd032244) Importer(815301076,1909f56bfc062723c751e8b465ee728b)  -> (artifact id: '67bcb79d6833be1ea37484064889e6e3') in 0.003780 seconds
  Import took 0.006501 seconds .

========================================================================
Received Prepare
Registering precompiled user dll's ...
Registered in 0.000729 seconds.
Begin MonoManager ReloadAssembly
Native extension for WindowsStandalone target not found
Native extension for WebGL target not found
Refreshing native plugins compatible for Editor in 0.25 ms, found 0 plugins.
Preloading 0 native plugins for Editor in 0.00 ms.
Mono: successfully reloaded assembly
- Completed reload, in  0.724 seconds
Platform modules already initialized, skipping
Refreshing native plugins compatible for Editor in 0.23 ms, found 0 plugins.
Preloading 0 native plugins for Editor in 0.00 ms.
Unloading 1116 Unused Serialized files (Serialized files now loaded: 0)
System memory in use before: 60.8 MB.
System memory in use after: 60.9 MB.

Unloading 6 unused Assets to reduce memory usage. Loaded Objects now: 1680.
Total: 2.504800 ms (FindLiveObjects: 0.266400 ms CreateObjectMapping: 0.067200 ms MarkObjects: 2.107200 ms  DeleteObjects: 0.062400 ms)

========================================================================
Received Prepare
Registering precompiled user dll's ...
Registered in 0.000495 seconds.
Begin MonoManager ReloadAssembly
Native extension for WindowsStandalone target not found
Native extension for WebGL target not found
Refreshing native plugins compatible for Editor in 0.22 ms, found 0 plugins.
Preloading 0 native plugins for Editor in 0.00 ms.
Mono: successfully reloaded assembly
- Completed reload, in  0.717 seconds
Platform modules already initialized, skipping
Refreshing native plugins compatible for Editor in 0.22 ms, found 0 plugins.
Preloading 0 native plugins for Editor in 0.00 ms.
Unloading 1116 Unused Serialized files (Serialized files now loaded: 0)
System memory in use before: 60.8 MB.
System memory in use after: 60.9 MB.

Unloading 5 unused Assets to reduce memory usage. Loaded Objects now: 1683.
Total: 1.934700 ms (FindLiveObjects: 0.296500 ms CreateObjectMapping: 0.068500 ms MarkObjects: 1.507500 ms  DeleteObjects: 0.059900 ms)

========================================================================
Received Prepare
Registering precompiled user dll's ...
Registered in 0.000767 seconds.
Begin MonoManager ReloadAssembly
Native extension for WindowsStandalone target not found
Native extension for WebGL target not found
Refreshing native plugins compatible for Editor in 0.23 ms, found 0 plugins.
Preloading 0 native plugins for Editor in 0.00 ms.
Mono: successfully reloaded assembly
- Completed reload, in  0.709 seconds
Platform modules already initialized, skipping
Refreshing native plugins compatible for Editor in 0.23 ms, found 0 plugins.
Preloading 0 native plugins for Editor in 0.00 ms.
Unloading 1116 Unused Serialized files (Serialized files now loaded: 0)
System memory in use before: 60.8 MB.
System memory in use after: 60.9 MB.

Unloading 5 unused Assets to reduce memory usage. Loaded Objects now: 1686.
Total: 2.820700 ms (FindLiveObjects: 0.375400 ms CreateObjectMapping: 0.081400 ms MarkObjects: 2.300700 ms  DeleteObjects: 0.061100 ms)

========================================================================
Received Prepare
Registering precompiled user dll's ...
Registered in 0.000544 seconds.
Begin MonoManager ReloadAssembly
Native extension for WindowsStandalone target not found
Native extension for WebGL target not found
Refreshing native plugins compatible for Editor in 0.23 ms, found 0 plugins.
Preloading 0 native plugins for Editor in 0.00 ms.
Mono: successfully reloaded assembly
- Completed reload, in  0.709 seconds
Platform modules already initialized, skipping
Refreshing native plugins compatible for Editor in 0.23 ms, found 0 plugins.
Preloading 0 native plugins for Editor in 0.00 ms.
Unloading 1116 Unused Serialized files (Serialized files now loaded: 0)
System memory in use before: 60.8 MB.
System memory in use after: 60.9 MB.

Unloading 5 unused Assets to reduce memory usage. Loaded Objects now: 1689.
Total: 1.878800 ms (FindLiveObjects: 0.270800 ms CreateObjectMapping: 0.055200 ms MarkObjects: 1.495100 ms  DeleteObjects: 0.055800 ms)

========================================================================
Received Prepare
Registering precompiled user dll's ...
Registered in 0.000576 seconds.
Begin MonoManager ReloadAssembly
Native extension for WindowsStandalone target not found
Native extension for WebGL target not found
Refreshing native plugins compatible for Editor in 0.23 ms, found 0 plugins.
Preloading 0 native plugins for Editor in 0.00 ms.
Mono: successfully reloaded assembly
- Completed reload, in  0.710 seconds
Platform modules already initialized, skipping
Refreshing native plugins compatible for Editor in 0.23 ms, found 0 plugins.
Preloading 0 native plugins for Editor in 0.00 ms.
Unloading 1116 Unused Serialized files (Serialized files now loaded: 0)
System memory in use before: 60.8 MB.
System memory in use after: 60.9 MB.

Unloading 5 unused Assets to reduce memory usage. Loaded Objects now: 1692.
Total: 2.379800 ms (FindLiveObjects: 0.280200 ms CreateObjectMapping: 0.074600 ms MarkObjects: 1.946600 ms  DeleteObjects: 0.075800 ms)

========================================================================
Received Prepare
Registering precompiled user dll's ...
Registered in 0.000517 seconds.
Begin MonoManager ReloadAssembly
Native extension for WindowsStandalone target not found
Native extension for WebGL target not found
Refreshing native plugins compatible for Editor in 0.23 ms, found 0 plugins.
Preloading 0 native plugins for Editor in 0.00 ms.
Mono: successfully reloaded assembly
- Completed reload, in  0.708 seconds
Platform modules already initialized, skipping
Refreshing native plugins compatible for Editor in 0.22 ms, found 0 plugins.
Preloading 0 native plugins for Editor in 0.00 ms.
Unloading 1116 Unused Serialized files (Serialized files now loaded: 0)
System memory in use before: 60.9 MB.
System memory in use after: 60.9 MB.

Unloading 5 unused Assets to reduce memory usage. Loaded Objects now: 1695.
Total: 2.375200 ms (FindLiveObjects: 0.281600 ms CreateObjectMapping: 0.056600 ms MarkObjects: 1.974500 ms  DeleteObjects: 0.060600 ms)

========================================================================
Received Prepare
Registering precompiled user dll's ...
Registered in 0.000582 seconds.
Begin MonoManager ReloadAssembly
Native extension for WindowsStandalone target not found
Native extension for WebGL target not found
Refreshing native plugins compatible for Editor in 0.28 ms, found 0 plugins.
Preloading 0 native plugins for Editor in 0.00 ms.
Mono: successfully reloaded assembly
- Completed reload, in  0.716 seconds
Platform modules already initialized, skipping
Refreshing native plugins compatible for Editor in 0.22 ms, found 0 plugins.
Preloading 0 native plugins for Editor in 0.00 ms.
Unloading 1116 Unused Serialized files (Serialized files now loaded: 0)
System memory in use before: 60.9 MB.
System memory in use after: 60.9 MB.

Unloading 5 unused Assets to reduce memory usage. Loaded Objects now: 1698.
Total: 2.001900 ms (FindLiveObjects: 0.279400 ms CreateObjectMapping: 0.068800 ms MarkObjects: 1.591900 ms  DeleteObjects: 0.059900 ms)

========================================================================
Received Import Request.
  Time since last request: 551.801037 seconds.
  path: Assets/Scripts/Shoot.cs
  artifactKey: Guid(762c004efe31a3a4a8fe725355855cf8) Importer(815301076,1909f56bfc062723c751e8b465ee728b)
Start importing Assets/Scripts/Shoot.cs using Guid(762c004efe31a3a4a8fe725355855cf8) Importer(815301076,1909f56bfc062723c751e8b465ee728b)  -> (artifact id: 'cb3643d39787284903f62767cc1a0672') in 0.005397 seconds
  Import took 0.008766 seconds .

========================================================================
Received Prepare
Registering precompiled user dll's ...
Registered in 0.000463 seconds.
Begin MonoManager ReloadAssembly
Native extension for WindowsStandalone target not found
Native extension for WebGL target not found
Refreshing native plugins compatible for Editor in 0.23 ms, found 0 plugins.
Preloading 0 native plugins for Editor in 0.00 ms.
Mono: successfully reloaded assembly
- Completed reload, in  0.700 seconds
Platform modules already initialized, skipping
Refreshing native plugins compatible for Editor in 0.22 ms, found 0 plugins.
Preloading 0 native plugins for Editor in 0.00 ms.
Unloading 1116 Unused Serialized files (Serialized files now loaded: 0)
System memory in use before: 60.9 MB.
System memory in use after: 60.9 MB.

Unloading 5 unused Assets to reduce memory usage. Loaded Objects now: 1701.
Total: 2.484500 ms (FindLiveObjects: 0.268800 ms CreateObjectMapping: 0.068900 ms MarkObjects: 2.087400 ms  DeleteObjects: 0.057200 ms)

========================================================================
Received Prepare
Registering precompiled user dll's ...
Registered in 0.000714 seconds.
Begin MonoManager ReloadAssembly
Native extension for WindowsStandalone target not found
Native extension for WebGL target not found
Refreshing native plugins compatible for Editor in 0.76 ms, found 0 plugins.
Preloading 0 native plugins for Editor in 0.00 ms.
Mono: successfully reloaded assembly
- Completed reload, in  0.935 seconds
Platform modules already initialized, skipping
Refreshing native plugins compatible for Editor in 0.23 ms, found 0 plugins.
Preloading 0 native plugins for Editor in 0.00 ms.
Unloading 1116 Unused Serialized files (Serialized files now loaded: 0)
System memory in use before: 60.9 MB.
System memory in use after: 60.9 MB.

Unloading 5 unused Assets to reduce memory usage. Loaded Objects now: 1704.
Total: 1.907400 ms (FindLiveObjects: 0.177700 ms CreateObjectMapping: 0.027800 ms MarkObjects: 1.623400 ms  DeleteObjects: 0.076700 ms)

========================================================================
Received Prepare
Registering precompiled user dll's ...
Registered in 0.000575 seconds.
Begin MonoManager ReloadAssembly
Native extension for WindowsStandalone target not found
Native extension for WebGL target not found
Refreshing native plugins compatible for Editor in 0.23 ms, found 0 plugins.
Preloading 0 native plugins for Editor in 0.00 ms.
Mono: successfully reloaded assembly
- Completed reload, in  0.735 seconds
Platform modules already initialized, skipping
Refreshing native plugins compatible for Editor in 0.24 ms, found 0 plugins.
Preloading 0 native plugins for Editor in 0.00 ms.
Unloading 1116 Unused Serialized files (Serialized files now loaded: 0)
System memory in use before: 60.9 MB.
System memory in use after: 60.9 MB.

Unloading 5 unused Assets to reduce memory usage. Loaded Objects now: 1707.
Total: 2.220700 ms (FindLiveObjects: 0.220300 ms CreateObjectMapping: 0.031600 ms MarkObjects: 1.833400 ms  DeleteObjects: 0.133000 ms)

========================================================================
Received Prepare
Registering precompiled user dll's ...
Registered in 0.000576 seconds.
Begin MonoManager ReloadAssembly
Native extension for WindowsStandalone target not found
Native extension for WebGL target not found
Refreshing native plugins compatible for Editor in 0.23 ms, found 0 plugins.
Preloading 0 native plugins for Editor in 0.00 ms.
Mono: successfully reloaded assembly
- Completed reload, in  0.771 seconds
Platform modules already initialized, skipping
Refreshing native plugins compatible for Editor in 0.23 ms, found 0 plugins.
Preloading 0 native plugins for Editor in 0.00 ms.
Unloading 1116 Unused Serialized files (Serialized files now loaded: 0)
System memory in use before: 60.9 MB.
System memory in use after: 60.9 MB.

Unloading 5 unused Assets to reduce memory usage. Loaded Objects now: 1710.
Total: 2.139800 ms (FindLiveObjects: 0.271100 ms CreateObjectMapping: 0.056000 ms MarkObjects: 1.751400 ms  DeleteObjects: 0.059300 ms)

========================================================================
Received Import Request.
  Time since last request: 311.589640 seconds.
  path: Assets/Scripts/End.cs
  artifactKey: Guid(f6c3a971ac9feca48a44f6587046555e) Importer(815301076,1909f56bfc062723c751e8b465ee728b)
Start importing Assets/Scripts/End.cs using Guid(f6c3a971ac9feca48a44f6587046555e) Importer(815301076,1909f56bfc062723c751e8b465ee728b)  -> (artifact id: 'aff9f9d3deca817782d5002ae2ab07c8') in 0.007119 seconds
  Import took 0.009208 seconds .

========================================================================
Received Prepare
Registering precompiled user dll's ...
Registered in 0.000495 seconds.
Begin MonoManager ReloadAssembly
Native extension for WindowsStandalone target not found
Native extension for WebGL target not found
Refreshing native plugins compatible for Editor in 0.24 ms, found 0 plugins.
Preloading 0 native plugins for Editor in 0.00 ms.
Mono: successfully reloaded assembly
- Completed reload, in  0.738 seconds
Platform modules already initialized, skipping
Refreshing native plugins compatible for Editor in 0.23 ms, found 0 plugins.
Preloading 0 native plugins for Editor in 0.00 ms.
Unloading 1117 Unused Serialized files (Serialized files now loaded: 0)
System memory in use before: 60.9 MB.
System memory in use after: 61.0 MB.

Unloading 5 unused Assets to reduce memory usage. Loaded Objects now: 1714.
Total: 2.017000 ms (FindLiveObjects: 0.232500 ms CreateObjectMapping: 0.053400 ms MarkObjects: 1.666300 ms  DeleteObjects: 0.062800 ms)

========================================================================
Received Prepare
Registering precompiled user dll's ...
Registered in 0.000546 seconds.
Begin MonoManager ReloadAssembly
Native extension for WindowsStandalone target not found
Native extension for WebGL target not found
Refreshing native plugins compatible for Editor in 0.24 ms, found 0 plugins.
Preloading 0 native plugins for Editor in 0.00 ms.
Mono: successfully reloaded assembly
- Completed reload, in  0.717 seconds
Platform modules already initialized, skipping
Refreshing native plugins compatible for Editor in 0.23 ms, found 0 plugins.
Preloading 0 native plugins for Editor in 0.00 ms.
Unloading 1117 Unused Serialized files (Serialized files now loaded: 0)
System memory in use before: 61.0 MB.
System memory in use after: 61.0 MB.

Unloading 5 unused Assets to reduce memory usage. Loaded Objects now: 1717.
Total: 3.766300 ms (FindLiveObjects: 0.203000 ms CreateObjectMapping: 0.030200 ms MarkObjects: 3.435000 ms  DeleteObjects: 0.095900 ms)

========================================================================
Received Import Request.
  Time since last request: 93.148216 seconds.
  path: Assets/Scripts/End.cs
  artifactKey: Guid(f6c3a971ac9feca48a44f6587046555e) Importer(815301076,1909f56bfc062723c751e8b465ee728b)
Start importing Assets/Scripts/End.cs using Guid(f6c3a971ac9feca48a44f6587046555e) Importer(815301076,1909f56bfc062723c751e8b465ee728b)  -> (artifact id: '1de8e5c681306e320fde3ace5fcacb1a') in 0.005250 seconds
  Import took 0.007269 seconds .

========================================================================
Received Prepare
Registering precompiled user dll's ...
Registered in 0.000655 seconds.
Begin MonoManager ReloadAssembly
Native extension for WindowsStandalone target not found
Native extension for WebGL target not found
Refreshing native plugins compatible for Editor in 0.23 ms, found 0 plugins.
Preloading 0 native plugins for Editor in 0.00 ms.
Mono: successfully reloaded assembly
- Completed reload, in  0.762 seconds
Platform modules already initialized, skipping
Refreshing native plugins compatible for Editor in 0.23 ms, found 0 plugins.
Preloading 0 native plugins for Editor in 0.00 ms.
Unloading 1117 Unused Serialized files (Serialized files now loaded: 0)
System memory in use before: 61.0 MB.
System memory in use after: 61.0 MB.

Unloading 5 unused Assets to reduce memory usage. Loaded Objects now: 1720.
Total: 1.954700 ms (FindLiveObjects: 0.235600 ms CreateObjectMapping: 0.092800 ms MarkObjects: 1.566000 ms  DeleteObjects: 0.058700 ms)

========================================================================
Received Import Request.
  Time since last request: 54.188354 seconds.
  path: Assets/Scripts/Health.cs
  artifactKey: Guid(419b2197dee0dd648a092c37a529544c) Importer(815301076,1909f56bfc062723c751e8b465ee728b)
Start importing Assets/Scripts/Health.cs using Guid(419b2197dee0dd648a092c37a529544c) Importer(815301076,1909f56bfc062723c751e8b465ee728b)  -> (artifact id: 'ce11abbb59ae22c709ccf23c71277745') in 0.005642 seconds
  Import took 0.007683 seconds .

========================================================================
Received Prepare
Registering precompiled user dll's ...
Registered in 0.000481 seconds.
Begin MonoManager ReloadAssembly
Native extension for WindowsStandalone target not found
Native extension for WebGL target not found
Refreshing native plugins compatible for Editor in 0.23 ms, found 0 plugins.
Preloading 0 native plugins for Editor in 0.00 ms.
Mono: successfully reloaded assembly
- Completed reload, in  0.707 seconds
Platform modules already initialized, skipping
Refreshing native plugins compatible for Editor in 0.23 ms, found 0 plugins.
Preloading 0 native plugins for Editor in 0.00 ms.
Unloading 1117 Unused Serialized files (Serialized files now loaded: 0)
System memory in use before: 61.0 MB.
System memory in use after: 61.0 MB.

Unloading 5 unused Assets to reduce memory usage. Loaded Objects now: 1723.
Total: 2.846700 ms (FindLiveObjects: 0.300400 ms CreateObjectMapping: 0.075100 ms MarkObjects: 2.405900 ms  DeleteObjects: 0.063300 ms)

========================================================================
Received Prepare
Registering precompiled user dll's ...
Registered in 0.001581 seconds.
Begin MonoManager ReloadAssembly
Native extension for WindowsStandalone target not found
Native extension for WebGL target not found
Refreshing native plugins compatible for Editor in 0.23 ms, found 0 plugins.
Preloading 0 native plugins for Editor in 0.00 ms.
Mono: successfully reloaded assembly
- Completed reload, in  0.720 seconds
Platform modules already initialized, skipping
Refreshing native plugins compatible for Editor in 0.23 ms, found 0 plugins.
Preloading 0 native plugins for Editor in 0.00 ms.
Unloading 1117 Unused Serialized files (Serialized files now loaded: 0)
System memory in use before: 61.0 MB.
System memory in use after: 61.0 MB.

Unloading 5 unused Assets to reduce memory usage. Loaded Objects now: 1726.
Total: 1.802500 ms (FindLiveObjects: 0.193100 ms CreateObjectMapping: 0.029400 ms MarkObjects: 1.519400 ms  DeleteObjects: 0.058400 ms)

AssetImportWorkerClient::OnTransportError - code=2 error=End of file
